http://assets.bwbx.io/av/users/iqjWHBFdfxIU/vfcw.d9ubbNM/v2.mp3
2016-06-30 20:35:04
http://assets.bwbx.io/av/users/iqjWHBFdfxIU/vbQXtbvasfnQ/v2.mp3
2016-06-30 20:25:31
http://assets.bwbx.io/av/users/iqjWHBFdfxIU/vf7zyul5Nvlw/v2.mp3
2016-06-30 20:19:40
http://assets.bwbx.io/av/users/iqjWHBFdfxIU/vATtQ0lr43XM/v2.mp3
2016-06-30 19:56:05
http://assets.bwbx.io/av/users/iqjWHBFdfxIU/vzEPX05qomKU/v2.mp3
2016-06-30 19:53:41
http://assets.bwbx.io/av/users/iqjWHBFdfxIU/vhmHYOwZ0UXY/v2.mp3
2016-06-30 19:25:36
http://assets.bwbx.io/av/users/iqjWHBFdfxIU/vFodYKofsiTY/v2.mp3
2016-06-30 19:10:32
http://assets.bwbx.io/av/users/iqjWHBFdfxIU/vGfEJrRx76.Q/v2.mp3
2016-06-30 19:02:26
http://assets.bwbx.io/av/users/iqjWHBFdfxIU/v0NCIoFZRPvk/v2.mp3
2016-06-30 18:47:37
http://assets.bwbx.io/av/users/iqjWHBFdfxIU/vTCCmDzARmDw/v2.mp3
2016-06-29 21:08:50
http://assets.bwbx.io/av/users/iqjWHBFdfxIU/vFzVu2sCJodc/v2.mp3
2016-06-29 20:19:41
http://assets.bwbx.io/av/users/iqjWHBFdfxIU/vBvrAgQz2oY4/v2.mp3
2016-06-29 20:11:12
http://assets.bwbx.io/av/users/iqjWHBFdfxIU/vQJws2qF.DyI/v2.mp3
2016-06-29 19:54:58
http://assets.bwbx.io/av/users/iqjWHBFdfxIU/v9Owe86ghhpI/v2.mp3
2016-06-29 19:34:37
http://assets.bwbx.io/av/users/iqjWHBFdfxIU/vCsnw8nUzPjw/v2.mp3
2016-06-29 19:19:30
http://assets.bwbx.io/av/users/iqjWHBFdfxIU/vVeL_fNzMx_0/v2.mp3
2016-06-29 18:57:42
http://assets.bwbx.io/av/users/iqjWHBFdfxIU/vayhVP2U8y2o/v2.mp3
2016-06-29 18:51:41
